<?xml version="1.0" encoding="UTF-8"?>
<!-- Generated by org.testng.reporters.JUnitReportReporter -->
<testsuite hostname="DESKTOP-KR6B0UD" failures="1" tests="8" name="tests.BookingTest" time="64.689" errors="0" timestamp="2024-11-18T10:44:17 IST" skipped="1">
  <testcase classname="tests.BookingTest" name="previewTab" time="0.000">
    <skipped/>
  </testcase> <!-- previewTab -->
  <testcase classname="tests.BookingTest" name="csu" time="12.596"/>
  <testcase classname="tests.BookingTest" name="packageTab" time="3.899"/>
  <testcase classname="tests.BookingTest" name="login" time="10.157"/>
  <testcase classname="tests.BookingTest" name="agent" time="24.067"/>
  <testcase classname="tests.BookingTest" name="voyageTab" time="5.159"/>
  <testcase classname="tests.BookingTest" name="menu" time="4.112"/>
  <testcase classname="tests.BookingTest" name="suiteTab" time="4.699">
    <failure message="Failed to select a suite: element click intercepted: Element &lt;span _ngcontent-mbj-c759=&quot;&quot; kendotooltip=&quot;&quot; class=&quot;status status-approve ng-star-inserted&quot; title=&quot;Available&quot;&gt;...&lt;/span&gt; is not clickable at point (905, 319). Other element would receive the click: &lt;div _ngcontent-mbj-c462=&quot;&quot; class=&quot;ngx-spinner-overlay ng-tns-c462-0 ng-trigger ng-trigger-fadeIn ng-star-inserted&quot; style=&quot;background-color: rgba(51, 51, 51, 0.8); z-index: 99999; position: fixed; opacity: 1;&quot;&gt;...&lt;/div&gt;
  (Session info: chrome=130.0.6723.119)
Build info: version: &#039;4.25.0&#039;, revision: &#039;8a8aea2337&#039;
System info: os.name: &#039;Windows 11&#039;, os.arch: &#039;amd64&#039;, os.version: &#039;10.0&#039;, java.version: &#039;23.0.1&#039;
Driver info: org.openqa.selenium.chrome.ChromeDriver
Command: [85bbdf43f2d1e4fb45693e695e91ec33, clickElement {id=f.EBC2EB1B6731F2B0597127676DA37BC2.d.323BA71A61FFB61AC115728CFD0BAE5A.e.771}]
Capabilities {acceptInsecureCerts: false, browserName: chrome, browserVersion: 130.0.6723.119, chrome: {chromedriverVersion: 130.0.6723.116 (6ac35f94ae3..., userDataDir: C:\Users\EFFIAS~1\AppData\L...}, fedcm:accounts: true, goog:chromeOptions: {debuggerAddress: localhost:61987}, networkConnectionEnabled: false, pageLoadStrategy: normal, platformName: windows, proxy: Proxy(), se:cdp: ws://localhost:61987/devtoo..., se:cdpVersion: 130.0.6723.119, setWindowRect: true, strictFileInteractability: false, timeouts: {implicit: 0, pageLoad: 300000, script: 30000}, unhandledPromptBehavior: dismiss and notify, webauthn:extension:credBlob: true, webauthn:extension:largeBlob: true, webauthn:extension:minPinLength: true, webauthn:extension:prf: true, webauthn:virtualAuthenticators: true}
Element: [[ChromeDriver: chrome on windows (85bbdf43f2d1e4fb45693e695e91ec33)] -&gt; xpath: //span[@title=&#039;Available&#039;]]
Session ID: 85bbdf43f2d1e4fb45693e695e91ec33" type="java.lang.AssertionError">
      <![CDATA[java.lang.AssertionError: Failed to select a suite: element click intercepted: Element <span _ngcontent-mbj-c759="" kendotooltip="" class="status status-approve ng-star-inserted" title="Available">...</span> is not clickable at point (905, 319). Other element would receive the click: <div _ngcontent-mbj-c462="" class="ngx-spinner-overlay ng-tns-c462-0 ng-trigger ng-trigger-fadeIn ng-star-inserted" style="background-color: rgba(51, 51, 51, 0.8); z-index: 99999; position: fixed; opacity: 1;">...</div>
  (Session info: chrome=130.0.6723.119)
Build info: version: '4.25.0', revision: '8a8aea2337'
System info: os.name: 'Windows 11', os.arch: 'amd64', os.version: '10.0', java.version: '23.0.1'
Driver info: org.openqa.selenium.chrome.ChromeDriver
Command: [85bbdf43f2d1e4fb45693e695e91ec33, clickElement {id=f.EBC2EB1B6731F2B0597127676DA37BC2.d.323BA71A61FFB61AC115728CFD0BAE5A.e.771}]
Capabilities {acceptInsecureCerts: false, browserName: chrome, browserVersion: 130.0.6723.119, chrome: {chromedriverVersion: 130.0.6723.116 (6ac35f94ae3..., userDataDir: C:\Users\EFFIAS~1\AppData\L...}, fedcm:accounts: true, goog:chromeOptions: {debuggerAddress: localhost:61987}, networkConnectionEnabled: false, pageLoadStrategy: normal, platformName: windows, proxy: Proxy(), se:cdp: ws://localhost:61987/devtoo..., se:cdpVersion: 130.0.6723.119, setWindowRect: true, strictFileInteractability: false, timeouts: {implicit: 0, pageLoad: 300000, script: 30000}, unhandledPromptBehavior: dismiss and notify, webauthn:extension:credBlob: true, webauthn:extension:largeBlob: true, webauthn:extension:minPinLength: true, webauthn:extension:prf: true, webauthn:virtualAuthenticators: true}
Element: [[ChromeDriver: chrome on windows (85bbdf43f2d1e4fb45693e695e91ec33)] -> xpath: //span[@title='Available']]
Session ID: 85bbdf43f2d1e4fb45693e695e91ec33
at org.testng.Assert.fail(Assert.java:111)
at pages.Suite.suites(Suite.java:95)
at tests.BookingTest.suiteTab(BookingTest.java:191)
at java.base/jdk.internal.reflect.DirectMethodHandleAccessor.invoke(DirectMethodHandleAccessor.java:103)
at java.base/java.lang.reflect.Method.invoke(Method.java:580)
at org.testng.internal.invokers.MethodInvocationHelper.invokeMethod(MethodInvocationHelper.java:141)
at org.testng.internal.invokers.TestInvoker.invokeMethod(TestInvoker.java:686)
at org.testng.internal.invokers.TestInvoker.invokeTestMethod(TestInvoker.java:230)
at org.testng.internal.invokers.MethodRunner.runInSequence(MethodRunner.java:63)
at org.testng.internal.invokers.TestInvoker$MethodInvocationAgent.invoke(TestInvoker.java:992)
at org.testng.internal.invokers.TestInvoker.invokeTestMethods(TestInvoker.java:203)
at org.testng.internal.invokers.TestMethodWorker.invokeTestMethods(TestMethodWorker.java:154)
at org.testng.internal.invokers.TestMethodWorker.run(TestMethodWorker.java:134)
at java.base/java.util.ArrayList.forEach(ArrayList.java:1597)
at org.testng.TestRunner.privateRun(TestRunner.java:739)
at org.testng.TestRunner.run(TestRunner.java:614)
at org.testng.SuiteRunner.runTest(SuiteRunner.java:421)
at org.testng.SuiteRunner.runSequentially(SuiteRunner.java:413)
at org.testng.SuiteRunner.privateRun(SuiteRunner.java:373)
at org.testng.SuiteRunner.run(SuiteRunner.java:312)
at org.testng.SuiteRunnerWorker.runSuite(SuiteRunnerWorker.java:52)
at org.testng.SuiteRunnerWorker.run(SuiteRunnerWorker.java:95)
at org.testng.TestNG.runSuitesSequentially(TestNG.java:1274)
at org.testng.TestNG.runSuitesLocally(TestNG.java:1208)
at org.testng.TestNG.runSuites(TestNG.java:1112)
at org.testng.TestNG.run(TestNG.java:1079)
at org.testng.remote.AbstractRemoteTestNG.run(AbstractRemoteTestNG.java:115)
at org.testng.remote.RemoteTestNG.initAndRun(RemoteTestNG.java:293)
at org.testng.remote.RemoteTestNG.main(RemoteTestNG.java:91)
]]>
    </failure>
  </testcase> <!-- suiteTab -->
</testsuite> <!-- tests.BookingTest -->
