<?xml version="1.0" encoding="UTF-8"?>
<!-- Generated by org.testng.reporters.JUnitReportReporter -->
<testsuite hostname="DESKTOP-KR6B0UD" failures="0" tests="7" name="tests.BookingTest" time="64.152" errors="0" timestamp="2024-11-15T23:08:44 IST" skipped="0">
  <testcase classname="tests.BookingTest" name="suiteTab" time="8.688"/>
  <testcase classname="tests.BookingTest" name="csu" time="6.572"/>
  <testcase classname="tests.BookingTest" name="login" time="12.343"/>
  <testcase classname="tests.BookingTest" name="agent" time="23.578"/>
  <testcase classname="tests.BookingTest" name="menu" time="4.123"/>
  <testcase classname="tests.BookingTest" name="voyageTab" time="3.076"/>
  <testcase classname="tests.BookingTest" name="packageTab" time="5.772"/>
</testsuite> <!-- tests.BookingTest -->
