<?xml version="1.0" encoding="UTF-8"?>
<!-- Generated by org.testng.reporters.JUnitReportReporter -->
<testsuite hostname="LAPTOP-0H4UER3T" failures="0" tests="3" name="tests.BookingTest" time="12.533" errors="0" timestamp="2024-10-10T23:48:30 IST" skipped="0">
  <testcase classname="tests.BookingTest" name="menu" time="4.175"/>
  <testcase classname="tests.BookingTest" name="csu" time="4.171"/>
  <testcase classname="tests.BookingTest" name="login" time="4.187"/>
</testsuite> <!-- tests.BookingTest -->
