<?xml version="1.0" encoding="UTF-8"?>
<!-- Generated by org.testng.reporters.JUnitReportReporter -->
<testsuite hostname="LAPTOP-0H4UER3T" failures="0" tests="4" name="tests.BookingTest" time="157.931" errors="0" timestamp="2024-10-12T00:33:07 IST" skipped="0">
  <testcase classname="tests.BookingTest" name="csu" time="10.800"/>
  <testcase classname="tests.BookingTest" name="login" time="79.965"/>
  <testcase classname="tests.BookingTest" name="menu" time="4.136"/>
  <testcase classname="tests.BookingTest" name="agent" time="63.030"/>
</testsuite> <!-- tests.BookingTest -->
