<?xml version="1.0" encoding="UTF-8"?>
<!-- Generated by org.testng.reporters.JUnitReportReporter -->
<testsuite hostname="DESKTOP-KR6B0UD" failures="0" tests="9" name="tests.BookingTest" time="428.857" errors="0" timestamp="2024-11-19T17:31:28 IST" skipped="0">
  <testcase classname="tests.BookingTest" name="login" time="8.994"/>
  <testcase classname="tests.BookingTest" name="suiteTab" time="188.643"/>
  <testcase classname="tests.BookingTest" name="menu" time="0.174"/>
  <testcase classname="tests.BookingTest" name="voyageTab" time="9.824"/>
  <testcase classname="tests.BookingTest" name="agent" time="71.186"/>
  <testcase classname="tests.BookingTest" name="previewTab" time="70.817"/>
  <testcase classname="tests.BookingTest" name="csu" time="10.592"/>
  <testcase classname="tests.BookingTest" name="packageTab" time="4.431"/>
  <testcase classname="tests.BookingTest" name="newProfile" time="64.196"/>
</testsuite> <!-- tests.BookingTest -->
