<?xml version="1.0" encoding="UTF-8"?>
<!-- Generated by org.testng.reporters.JUnitReportReporter -->
<testsuite hostname="DESKTOP-KR6B0UD" failures="1" tests="6" name="tests.BookingTest" time="43.631" errors="0" timestamp="2024-11-15T14:33:17 IST" skipped="1">
  <testcase classname="tests.BookingTest" name="csu" time="14.921"/>
  <testcase classname="tests.BookingTest" name="cruises" time="0.000">
    <skipped/>
  </testcase> <!-- cruises -->
  <testcase classname="tests.BookingTest" name="agent" time="13.797"/>
  <testcase classname="tests.BookingTest" name="newBooking" time="1.417">
    <failure message="Failed to click on new booking button: element click intercepted: Element &lt;button _ngcontent-jkk-c628=&quot;&quot; class=&quot;btn btn-primary pe-auto&quot; title=&quot;&quot;&gt;...&lt;/button&gt; is not clickable at point (1454, 91). Other element would receive the click: &lt;div _ngcontent-jkk-c462=&quot;&quot; class=&quot;ngx-spinner-overlay ng-tns-c462-0 ng-trigger ng-trigger-fadeIn ng-star-inserted&quot; style=&quot;background-color: rgba(51, 51, 51, 0.8); z-index: 99999; position: fixed; opacity: 1;&quot;&gt;...&lt;/div&gt;
  (Session info: chrome=130.0.6723.119)
Build info: version: &#039;4.25.0&#039;, revision: &#039;8a8aea2337&#039;
System info: os.name: &#039;Windows 11&#039;, os.arch: &#039;amd64&#039;, os.version: &#039;10.0&#039;, java.version: &#039;23.0.1&#039;
Driver info: org.openqa.selenium.chrome.ChromeDriver
Command: [394867f4cc53ac23bd31b9ff6c687834, clickElement {id=f.C5CEEFA1AF2B0F2FCB5B741BBC9C9E09.d.92695AC5F0ECBF74CF2D626FF01A7207.e.459}]
Capabilities {acceptInsecureCerts: false, browserName: chrome, browserVersion: 130.0.6723.119, chrome: {chromedriverVersion: 130.0.6723.116 (6ac35f94ae3..., userDataDir: C:\Users\EFFIAS~1\AppData\L...}, fedcm:accounts: true, goog:chromeOptions: {debuggerAddress: localhost:51652}, networkConnectionEnabled: false, pageLoadStrategy: normal, platformName: windows, proxy: Proxy(), se:cdp: ws://localhost:51652/devtoo..., se:cdpVersion: 130.0.6723.119, setWindowRect: true, strictFileInteractability: false, timeouts: {implicit: 0, pageLoad: 300000, script: 30000}, unhandledPromptBehavior: dismiss and notify, webauthn:extension:credBlob: true, webauthn:extension:largeBlob: true, webauthn:extension:minPinLength: true, webauthn:extension:prf: true, webauthn:virtualAuthenticators: true}
Element: [[ChromeDriver: chrome on windows (394867f4cc53ac23bd31b9ff6c687834)] -&gt; xpath: //button[@class=&#039;btn btn-primary pe-auto&#039;]]
Session ID: 394867f4cc53ac23bd31b9ff6c687834" type="java.lang.AssertionError">
      <![CDATA[java.lang.AssertionError: Failed to click on new booking button: element click intercepted: Element <button _ngcontent-jkk-c628="" class="btn btn-primary pe-auto" title="">...</button> is not clickable at point (1454, 91). Other element would receive the click: <div _ngcontent-jkk-c462="" class="ngx-spinner-overlay ng-tns-c462-0 ng-trigger ng-trigger-fadeIn ng-star-inserted" style="background-color: rgba(51, 51, 51, 0.8); z-index: 99999; position: fixed; opacity: 1;">...</div>
  (Session info: chrome=130.0.6723.119)
Build info: version: '4.25.0', revision: '8a8aea2337'
System info: os.name: 'Windows 11', os.arch: 'amd64', os.version: '10.0', java.version: '23.0.1'
Driver info: org.openqa.selenium.chrome.ChromeDriver
Command: [394867f4cc53ac23bd31b9ff6c687834, clickElement {id=f.C5CEEFA1AF2B0F2FCB5B741BBC9C9E09.d.92695AC5F0ECBF74CF2D626FF01A7207.e.459}]
Capabilities {acceptInsecureCerts: false, browserName: chrome, browserVersion: 130.0.6723.119, chrome: {chromedriverVersion: 130.0.6723.116 (6ac35f94ae3..., userDataDir: C:\Users\EFFIAS~1\AppData\L...}, fedcm:accounts: true, goog:chromeOptions: {debuggerAddress: localhost:51652}, networkConnectionEnabled: false, pageLoadStrategy: normal, platformName: windows, proxy: Proxy(), se:cdp: ws://localhost:51652/devtoo..., se:cdpVersion: 130.0.6723.119, setWindowRect: true, strictFileInteractability: false, timeouts: {implicit: 0, pageLoad: 300000, script: 30000}, unhandledPromptBehavior: dismiss and notify, webauthn:extension:credBlob: true, webauthn:extension:largeBlob: true, webauthn:extension:minPinLength: true, webauthn:extension:prf: true, webauthn:virtualAuthenticators: true}
Element: [[ChromeDriver: chrome on windows (394867f4cc53ac23bd31b9ff6c687834)] -> xpath: //button[@class='btn btn-primary pe-auto']]
Session ID: 394867f4cc53ac23bd31b9ff6c687834
at org.testng.Assert.fail(Assert.java:111)
at pages.NewBooking.booking(NewBooking.java:44)
at tests.BookingTest.newBooking(BookingTest.java:121)
at java.base/jdk.internal.reflect.DirectMethodHandleAccessor.invoke(DirectMethodHandleAccessor.java:103)
at java.base/java.lang.reflect.Method.invoke(Method.java:580)
at org.testng.internal.invokers.MethodInvocationHelper.invokeMethod(MethodInvocationHelper.java:141)
at org.testng.internal.invokers.TestInvoker.invokeMethod(TestInvoker.java:686)
at org.testng.internal.invokers.TestInvoker.invokeTestMethod(TestInvoker.java:230)
at org.testng.internal.invokers.MethodRunner.runInSequence(MethodRunner.java:63)
at org.testng.internal.invokers.TestInvoker$MethodInvocationAgent.invoke(TestInvoker.java:992)
at org.testng.internal.invokers.TestInvoker.invokeTestMethods(TestInvoker.java:203)
at org.testng.internal.invokers.TestMethodWorker.invokeTestMethods(TestMethodWorker.java:154)
at org.testng.internal.invokers.TestMethodWorker.run(TestMethodWorker.java:134)
at java.base/java.util.ArrayList.forEach(ArrayList.java:1597)
at org.testng.TestRunner.privateRun(TestRunner.java:739)
at org.testng.TestRunner.run(TestRunner.java:614)
at org.testng.SuiteRunner.runTest(SuiteRunner.java:421)
at org.testng.SuiteRunner.runSequentially(SuiteRunner.java:413)
at org.testng.SuiteRunner.privateRun(SuiteRunner.java:373)
at org.testng.SuiteRunner.run(SuiteRunner.java:312)
at org.testng.SuiteRunnerWorker.runSuite(SuiteRunnerWorker.java:52)
at org.testng.SuiteRunnerWorker.run(SuiteRunnerWorker.java:95)
at org.testng.TestNG.runSuitesSequentially(TestNG.java:1274)
at org.testng.TestNG.runSuitesLocally(TestNG.java:1208)
at org.testng.TestNG.runSuites(TestNG.java:1112)
at org.testng.TestNG.run(TestNG.java:1079)
at org.testng.remote.AbstractRemoteTestNG.run(AbstractRemoteTestNG.java:115)
at org.testng.remote.RemoteTestNG.initAndRun(RemoteTestNG.java:293)
at org.testng.remote.RemoteTestNG.main(RemoteTestNG.java:91)
]]>
    </failure>
  </testcase> <!-- newBooking -->
  <testcase classname="tests.BookingTest" name="menu" time="4.184"/>
  <testcase classname="tests.BookingTest" name="login" time="9.312"/>
</testsuite> <!-- tests.BookingTest -->
