<?xml version="1.0" encoding="UTF-8"?>
<!-- Generated by org.testng.reporters.JUnitReportReporter -->
<testsuite hostname="LAPTOP-0H4UER3T" failures="0" tests="6" name="tests.BookingTest" time="118.896" errors="0" timestamp="2024-10-14T21:46:30 IST" skipped="0">
  <testcase classname="tests.BookingTest" name="cruises" time="23.171"/>
  <testcase classname="tests.BookingTest" name="csu" time="14.530"/>
  <testcase classname="tests.BookingTest" name="agent" time="65.999"/>
  <testcase classname="tests.BookingTest" name="newBooking" time="0.268"/>
  <testcase classname="tests.BookingTest" name="login" time="10.799"/>
  <testcase classname="tests.BookingTest" name="menu" time="4.129"/>
</testsuite> <!-- tests.BookingTest -->
