<?xml version="1.0" encoding="UTF-8"?>
<!-- Generated by org.testng.reporters.JUnitReportReporter -->
<testsuite hostname="DESKTOP-KR6B0UD" failures="0" tests="6" name="tests.BookingTest" time="51.327" errors="0" timestamp="2024-11-15T17:34:22 IST" skipped="0">
  <testcase classname="tests.BookingTest" name="csu" time="12.084"/>
  <testcase classname="tests.BookingTest" name="voyageTab" time="4.602"/>
  <testcase classname="tests.BookingTest" name="login" time="8.236"/>
  <testcase classname="tests.BookingTest" name="agent" time="18.254"/>
  <testcase classname="tests.BookingTest" name="packageTab" time="4.037"/>
  <testcase classname="tests.BookingTest" name="menu" time="4.114"/>
</testsuite> <!-- tests.BookingTest -->
