<?xml version="1.0" encoding="UTF-8"?>
<!-- Generated by org.testng.reporters.JUnitReportReporter -->
<testsuite hostname="LAPTOP-0H4UER3T" failures="0" tests="4" name="tests.BookingTest" time="89.694" errors="0" timestamp="2024-10-12T22:47:19 IST" skipped="0">
  <testcase classname="tests.BookingTest" name="agent" time="63.876"/>
  <testcase classname="tests.BookingTest" name="csu" time="9.572"/>
  <testcase classname="tests.BookingTest" name="login" time="12.125"/>
  <testcase classname="tests.BookingTest" name="menu" time="4.121"/>
</testsuite> <!-- tests.BookingTest -->
